proguard/seeds.txt
cn.xxd.qr.AboutA
cn.xxd.qr.AboutA: AboutA()
cn.xxd.qr.AboutA: void onClick(android.view.View)
cn.xxd.qr.CaptureA
cn.xxd.qr.CaptureA: CaptureA()
cn.xxd.qr.HistoryA
cn.xxd.qr.HistoryA: HistoryA()
cn.xxd.qr.HomeA
cn.xxd.qr.HomeA: HomeA()
cn.xxd.qr.MainA
cn.xxd.qr.MainA: MainA()
cn.xxd.qr.NewA
cn.xxd.qr.NewA: NewA()
cn.xxd.qr.NewA: void onClick(android.view.View)
cn.xxd.qr.QrCodeA
cn.xxd.qr.QrCodeA: QrCodeA()
cn.xxd.qr.QrCodeA: void onClick(android.view.View)
cn.xxd.qr.QrCodeA$State: cn.xxd.qr.QrCodeA$State[] values()
cn.xxd.qr.QrCodeA$State: cn.xxd.qr.QrCodeA$State valueOf(java.lang.String)
cn.xxd.qr.ScanA
cn.xxd.qr.ScanA: ScanA()
cn.xxd.qr.view.CaptureTabButton
cn.xxd.qr.view.CaptureTabButton: CaptureTabButton(android.content.Context,android.util.AttributeSet)
...
com.baidu.mobstat.SendStrategyEnum: com.baidu.mobstat.SendStrategyEnum[] values()
com.baidu.mobstat.SendStrategyEnum: com.baidu.mobstat.SendStrategyEnum valueOf(java.lang.String)
com.baidu.mobstat.StatActivity
com.google.zxing.BarcodeFormat: com.google.zxing.BarcodeFormat[] values()
com.google.zxing.BarcodeFormat: com.google.zxing.BarcodeFormat valueOf(java.lang.String)
com.google.zxing.DecodeHintType: com.google.zxing.DecodeHintType[] values()
com.google.zxing.DecodeHintType: com.google.zxing.DecodeHintType valueOf(java.lang.String)
com.google.zxing.EncodeHintType: com.google.zxing.EncodeHintType[] values()
com.google.zxing.EncodeHintType: com.google.zxing.EncodeHintType valueOf(java.lang.String)
com.google.zxing.ResultMetadataType: com.google.zxing.ResultMetadataType[] values()
com.google.zxing.ResultMetadataType: com.google.zxing.ResultMetadataType valueOf(java.lang.String)
com.google.zxing.client.android.CaptureActivityHandler$State: com.google.zxing.client.android.CaptureActivityHandler$State[] values()
com.google.zxing.client.android.CaptureActivityHandler$State: com.google.zxing.client.android.CaptureActivityHandler$State valueOf(java.lang.String)
com.google.zxing.client.android.ViewfinderView
com.google.zxing.client.android.ViewfinderView: ViewfinderView(android.content.Context,android.util.AttributeSet)
com.google.zxing.client.android.pref.BSPlusPreference
com.google.zxing.client.android.pref.BSPlusPreference: BSPlusPreference(android.content.Context,android.util.AttributeSet,int)
com.google.zxing.client.android.pref.BSPlusPreference: BSPlusPreference(android.content.Context,android.util.AttributeSet)
com.google.zxing.client.android.wifi.NetworkType: com.google.zxing.client.android.wifi.NetworkType[] values()
com.google.zxing.client.android.wifi.NetworkType: com.google.zxing.client.android.wifi.NetworkType valueOf(java.lang.String)
com.google.zxing.client.result.ParsedResultType: com.google.zxing.client.result.ParsedResultType[] values()
com.google.zxing.client.result.ParsedResultType: com.google.zxing.client.result.ParsedResultType valueOf(java.lang.String)
com.google.zxing.common.CharacterSetECI: com.google.zxing.common.CharacterSetECI[] values()
com.google.zxing.common.CharacterSetECI: com.google.zxing.common.CharacterSetECI valueOf(java.lang.String)
com.google.zxing.qrcode.decoder.ErrorCorrectionLevel: com.google.zxing.qrcode.decoder.ErrorCorrectionLevel[] values()
com.google.zxing.qrcode.decoder.ErrorCorrectionLevel: com.google.zxing.qrcode.decoder.ErrorCorrectionLevel valueOf(java.lang.String)
com.google.zxing.qrcode.decoder.Mode: com.google.zxing.qrcode.decoder.Mode[] values()
com.google.zxing.qrcode.decoder.Mode: com.google.zxing.qrcode.decoder.Mode valueOf(java.lang.String)
net.youmi.android.AdActivity
net.youmi.android.AdView
net.youmi.android.AdView: AdView(android.content.Context,android.util.AttributeSet)
net.youmi.android.AdView: AdView(android.content.Context,android.util.AttributeSet,int)
net.youmi.android.YoumiReceiver
q.base.ActivityBase
q.base.ActivityBase: ActivityBase()
q.base.TabActivityBase
q.base.TabActivityBase: TabActivityBase()
q.out.ActivityDialogBase
q.out.ColorDialog