proguard/mapping.txt
cn.xxd.qr.AboutA -> cn.xxd.qr.AboutA:
    void onCreate(android.os.Bundle) -> onCreate
    void onClick(android.view.View) -> onClick
cn.xxd.qr.CaptureA -> cn.xxd.qr.CaptureA:
    java.lang.String TAG -> a
    com.google.zxing.client.android.camera.CameraManager cameraManager -> b
    com.google.zxing.client.android.CaptureActivityHandler handler -> c
    com.google.zxing.client.android.ViewfinderView viewfinderView -> d
    com.google.zxing.Result lastResult -> e
    boolean hasSurface -> f
    com.google.zxing.client.android.BeepManager beepManager -> g
    cn.xxd.qr.CaptureA2 homeA -> h
    com.google.zxing.client.android.ViewfinderView getViewfinderView() -> a
    android.os.Handler getHandler() -> b
    com.google.zxing.client.android.camera.CameraManager getCameraManager() -> c
    void onCreate(android.os.Bundle) -> onCreate
    void onResume() -> onResume
    void onPause() -> onPause
    void onDestroy() -> onDestroy
    boolean onKeyDown(int,android.view.KeyEvent) -> onKeyDown
    void surfaceCreated(android.view.SurfaceHolder) -> surfaceCreated
    void surfaceDestroyed(android.view.SurfaceHolder) -> surfaceDestroyed
    void surfaceChanged(android.view.SurfaceHolder,int,int,int) -> surfaceChanged
    void handleDecode(com.google.zxing.Result,android.graphics.Bitmap) -> a
    void initCamera(android.view.SurfaceHolder) -> a
    void displayFrameworkBugMessageAndExit() -> e
    void drawViewfinder() -> d
cn.xxd.qr.CaptureA2 -> cn.xxd.qr.a:
    android.app.Activity mAct -> a
    com.google.zxing.client.android.camera.CameraManager mCameraMgr -> b
    android.widget.ImageButton btnFlash -> c
    boolean isFlashOn -> d
    void setCameraManager(com.google.zxing.client.android.camera.CameraManager) -> a
    void onCreate() -> a
    void onClick(android.view.View) -> onClick
    void handleDecode(com.google.zxing.Result,android.graphics.Bitmap) -> a
    android.app.Activity access$0(cn.xxd.qr.CaptureA2) -> a
cn.xxd.qr.CaptureA2$1 -> cn.xxd.qr.b:
    cn.xxd.qr.CaptureA2 this$0 -> a
    android.graphics.Bitmap val$barcode -> b
    cn.xxd.qr.bean.QrCode val$qrcode -> c
    void run() -> run
cn.xxd.qr.HistoryA -> cn.xxd.qr.HistoryA:
    java.util.List datas -> a
    cn.xxd.qr.adapter.HistoryAdapter adapter -> b
    int page -> c
    void onCreate(android.os.Bundle) -> onCreate
    void onItemClick(android.widget.AdapterView,android.view.View,int,long) -> onItemClick
    boolean onEndlessListViewBackground() -> a
    void onEndlessListViewSuccess() -> b
cn.xxd.qr.HomeA -> cn.xxd.qr.HomeA:
    boolean GO_TO_SCAN -> a
    boolean FINISH_FROM_SCAN -> b
    int POSITION -> c
    void onCreate(android.os.Bundle) -> onCreate
    void onResume() -> onResume
    android.content.Intent getIntent(int) -> a
    java.lang.String getBtnText(int) -> b
    android.widget.TabHost access$0(cn.xxd.qr.HomeA) -> a
cn.xxd.qr.HomeA$1 -> cn.xxd.qr.c:
    cn.xxd.qr.HomeA this$0 -> a
    void onCheckedChanged(android.widget.RadioGroup,int) -> onCheckedChanged
cn.xxd.qr.MainA -> cn.xxd.qr.MainA:
    void onCreate(android.os.Bundle) -> onCreate
...
net.youmi.android.em -> net.youmi.android.dj:
    java.lang.String h -> h
    java.lang.String i -> i
    java.util.List j -> j
    boolean k -> k
    int g() -> e
    int h() -> f
    java.lang.String i() -> g
net.youmi.android.eo -> net.youmi.android.dk:
    java.lang.String[] e -> e
    java.lang.String f -> f
    java.lang.String g -> g
    net.youmi.android.AdActivity a -> a
    net.youmi.android.dm h -> h
    int i -> i
    android.widget.Gallery j -> j
    android.widget.ImageSwitcher k -> k
    android.widget.ImageView l -> l
    android.widget.ImageView m -> m
    android.view.GestureDetector b -> b
    net.youmi.android.ec n -> n
    net.youmi.android.ed o -> o
    android.view.animation.Animation p -> p
    android.view.animation.Animation q -> q
    android.view.animation.Animation r -> r
    android.view.animation.Animation s -> s
    android.view.animation.Animation t -> t
    android.view.animation.Animation u -> u
    int c -> c
    long d -> d
    android.view.View makeView() -> makeView
    boolean onDown(android.view.MotionEvent) -> onDown
    boolean onFling(android.view.MotionEvent,android.view.MotionEvent,float,float) -> onFling
    void onLongPress(android.view.MotionEvent) -> onLongPress
    boolean onScroll(android.view.MotionEvent,android.view.MotionEvent,float,float) -> onScroll
    void onShowPress(android.view.MotionEvent) -> onShowPress
    boolean onSingleTapUp(android.view.MotionEvent) -> onSingleTapUp
    void a() -> a
    android.view.View b() -> b
    net.youmi.android.ec a(net.youmi.android.eo) -> a
    net.youmi.android.ed b(net.youmi.android.eo) -> b
    void c(net.youmi.android.eo) -> c
net.youmi.android.ep -> net.youmi.android.dl:
    net.youmi.android.eo a -> a
    void onItemClick(android.widget.AdapterView,android.view.View,int,long) -> onItemClick
net.youmi.android.eq -> net.youmi.android.dm:
    net.youmi.android.eo a -> a
    boolean onTouch(android.view.View,android.view.MotionEvent) -> onTouch
net.youmi.android.er -> net.youmi.android.dn:
    net.youmi.android.eo a -> a
    void onClick(android.view.View) -> onClick
net.youmi.android.es -> net.youmi.android.do:
    net.youmi.android.eo a -> a
    void onClick(android.view.View) -> onClick
net.youmi.android.et -> net.youmi.android.dp:
    net.youmi.android.eo a -> a
    void onClick(android.view.View) -> onClick
net.youmi.android.eu -> net.youmi.android.dq:
net.youmi.android.ew -> net.youmi.android.dr:
    void a(java.lang.String,java.lang.String) -> a
net.youmi.android.ex -> net.youmi.android.ds:
    void a(java.lang.String) -> a
net.youmi.android.ey -> net.youmi.android.dt:
    boolean a$746d7c65(java.io.File,net.youmi.android.gc) -> a
    net.youmi.android.gv a(android.content.Context,java.lang.String,long) -> a
    net.youmi.android.gv a(android.content.Context,net.youmi.android.gc) -> a
    java.io.File b(android.content.Context,net.youmi.android.gc) -> b
    java.lang.String a(net.youmi.android.gc) -> a
    boolean b(net.youmi.android.gc) -> b
    java.io.File b(android.content.Context,java.io.File,net.youmi.android.gc) -> a
net.youmi.android.f -> net.youmi.android.du:
    net.youmi.android.e a -> a
    void run() -> run
net.youmi.android.fa -> net.youmi.android.dv:
    void a(java.lang.String) -> a
    void a$25eccc4e(java.lang.String,java.io.File) -> a
    void a(java.lang.String,java.io.File) -> b
    void a$44bd9260(java.lang.String,int) -> a
net.youmi.android.fb -> net.youmi.android.dw:
    void a(java.lang.String,int,int) -> a
net.youmi.android.fc -> net.youmi.android.dx:
    java.io.FileOutputStream a(android.content.Context,java.lang.String) -> a
    int a() -> a
    java.io.File b(android.content.Context,java.lang.String) -> b
net.youmi.android.fd -> net.youmi.android.dy:
    void a(android.webkit.WebView,int) -> a