proguard/usage.txt
cn.xxd.qr.BuildConfig
cn.xxd.qr.CaptureA:
    302:307:public void restartPreviewAfterDelay(long)
cn.xxd.qr.HomeA:
    public static final int DEFUALT_POSITION
cn.xxd.qr.MainA:
    36:45:private void tempInitHistoryData()
cn.xxd.qr.NewA:
    private static final java.lang.String DEFAULT_TEXT
cn.xxd.qr.QrCodeA:
    public static final java.lang.String EXTRA_QRCODE
cn.xxd.qr.R
cn.xxd.qr.R$attr
cn.xxd.qr.R$color
cn.xxd.qr.R$dimen
cn.xxd.qr.R$drawable
cn.xxd.qr.R$id
cn.xxd.qr.R$layout
cn.xxd.qr.R$raw
cn.xxd.qr.R$string
cn.xxd.qr.R$style
cn.xxd.qr.bean.HistoryDb:
    private static final int PAGE_COUNT
    46:46:public java.util.List queryAll()
    1:1:protected bridge synthetic q.util.SqliteBase$ISqlite buildEntity(android.database.Cursor)
cn.xxd.qr.bean.QrCode:
    private static final long serialVersionUID
cn.xxd.qr.service.CaptureTabInitService:
    9:9:public CaptureTabInitService()
cn.xxd.qr.service.QrCodeEncodeService:
    17:17:public QrCodeEncodeService()
cn.xxd.qr.view.CaptureTabButton:
    30:31:public void setRotate(float)
cn.xxd.qr.view.UiBaseHeader:
    9:9:public UiBaseHeader()
...
com.baidu.mobstat.b:
    public void a(java.lang.String)
    public void b(java.lang.String)
com.baidu.mobstat.g:
    public void a(int)
    public void a(android.content.Context,com.baidu.mobstat.SendStrategyEnum,int,boolean)
    public void a(boolean,android.content.Context)
com.google.zxing.Binarizer:
    public abstract com.google.zxing.common.BitArray getBlackRow(int,com.google.zxing.common.BitArray)
    public abstract com.google.zxing.Binarizer createBinarizer(com.google.zxing.LuminanceSource)
    78:78:public final int getWidth()
    82:82:public final int getHeight()
com.google.zxing.BinaryBitmap:
    44:44:public int getWidth()
    51:51:public int getHeight()
    65:65:public com.google.zxing.common.BitArray getBlackRow(int,com.google.zxing.common.BitArray)
    92:92:public boolean isCropSupported()
    106:107:public com.google.zxing.BinaryBitmap crop(int,int,int,int)
    114:114:public boolean isRotateSupported()
    124:125:public com.google.zxing.BinaryBitmap rotateCounterClockwise()
    135:136:public com.google.zxing.BinaryBitmap rotateCounterClockwise45()
com.google.zxing.LuminanceSource:
    80:80:public boolean isCropSupported()
    94:94:public com.google.zxing.LuminanceSource crop(int,int,int,int)
    101:101:public boolean isRotateSupported()
    111:111:public com.google.zxing.LuminanceSource rotateCounterClockwise()
    121:121:public com.google.zxing.LuminanceSource rotateCounterClockwise45()
com.google.zxing.MultiFormatReader:
    47:48:public com.google.zxing.Result decode(com.google.zxing.BinaryBitmap)
com.google.zxing.MultiFormatWriter:
    37:37:public com.google.zxing.common.BitMatrix encode(java.lang.String,com.google.zxing.BarcodeFormat,int,int)
com.google.zxing.PlanarYUVLuminanceSource:
    108:108:public boolean isCropSupported()
    113:113:public com.google.zxing.LuminanceSource crop(int,int,int,int)
com.google.zxing.RGBLuminanceSource
com.google.zxing.Reader:
    public abstract com.google.zxing.Result decode(com.google.zxing.BinaryBitmap)
com.google.zxing.Result:
    67:67:public byte[] getRawBytes()
    76:76:public com.google.zxing.ResultPoint[] getResultPoints()
    83:83:public com.google.zxing.BarcodeFormat getBarcodeFormat()
    92:92:public java.util.Map getResultMetadata()
    103:110:public void putAllMetadata(java.util.Map)
    113:122:public void addResultPoints(com.google.zxing.ResultPoint[])
    125:125:public long getTimestamp()
com.google.zxing.Writer:
    public abstract com.google.zxing.common.BitMatrix encode(java.lang.String,com.google.zxing.BarcodeFormat,int,int)
com.google.zxing.client.android.BeepManager:
    private static final float BEEP_VOLUME
    private static final long VIBRATE_DURATION
com.google.zxing.client.android.Contents
com.google.zxing.client.android.Contents$Type
com.google.zxing.client.android.DecodeFormatManager
com.google.zxing.client.android.DecodeThread:
    public static final java.lang.String BARCODE_BITMAP
com.google.zxing.client.android.Intents
com.google.zxing.client.android.Intents$Encode
com.google.zxing.client.android.Intents$History
com.google.zxing.client.android.Intents$Scan
com.google.zxing.client.android.Intents$SearchBookContents
com.google.zxing.client.android.Intents$Share
com.google.zxing.client.android.Intents$WifiConnect
com.google.zxing.client.android.LocaleManager
com.google.zxing.client.android.ViewfinderView:
    private static final long ANIMATION_DELAY
    private static final int CURRENT_POINT_OPACITY
    private static final int MAX_RESULT_POINTS
    private static final int POINT_SIZE
com.google.zxing.client.android.camera.AutoFocusManager:
    private static final long AUTO_FOCUS_INTERVAL_MS
com.google.zxing.client.android.camera.CameraConfigurationManager:
    private static final java.lang.String TAG
    private static final int MIN_PREVIEW_PIXELS
    private static final int MAX_PREVIEW_PIXELS